<?xml version="1.0" encoding="UTF-8"?>
<!-- Generated by org.testng.reporters.JUnitXMLReporter -->
<testsuite ignored="0" hostname="LAPTOP-CEFU9615" failures="0" tests="3" name="Default test" time="25.392" errors="0" timestamp="10 Dec 2018 20:47:37 GMT">
  <testcase classname="com.crm.qa.testlayer.contactspagetest" name="checkbx" time="0.179"/>
  <testcase classname="com.crm.qa.testlayer.contactspagetest" name="contactformfill" time="0.0">
    <skipped/>
  </testcase> <!-- contactformfill -->
  <testcase classname="com.crm.qa.testlayer.contactspagetest" name="displaycontactname" time="0.046"/>
</testsuite> <!-- Default test -->
