<?xml version="1.0" encoding="UTF-8"?>
<!-- Generated by org.testng.reporters.JUnitXMLReporter -->
<testsuite ignored="2" hostname="LAPTOP-CEFU9615" failures="0" tests="4" name="Test" time="40.825" errors="0" timestamp="16 Dec 2018 22:28:35 GMT">
  <testcase classname="com.crm.qa.testlayer.Logintest" name="imgprsnc" time="0.12"/>
  <testcase classname="com.crm.qa.testlayer.Logintest" name="loginpagettitletest" time="0.048"/>
  <testcase classname="com.crm.qa.testlayer.contactspagetest" name="checkbx" time="0.125"/>
  <testcase classname="com.crm.qa.testlayer.contactspagetest" name="displaycontactname" time="0.094"/>
  <testcase classname="com.crm.qa.testlayer.Homepagetest" name="contactclick" time="0.0">
    <ignored/>
  </testcase> <!-- contactclick -->
  <testcase classname="com.crm.qa.testlayer.contactspagetest" name="contactformfill" time="0.0">
    <ignored/>
  </testcase> <!-- contactformfill -->
</testsuite> <!-- Test -->
