<?xml version="1.0" encoding="UTF-8"?>
<!-- Generated by org.testng.reporters.JUnitXMLReporter -->
<testsuite ignored="2" hostname="LAPTOP-CEFU9615" failures="0" tests="1" name="Default test(failed)(failed)" time="0.035" errors="0" timestamp="13 Dec 2018 23:05:56 GMT">
  <testcase classname="com.crm.qa.testlayer.contactspagetest" name="contactformfill" time="0.0">
    <skipped/>
  </testcase> <!-- contactformfill -->
  <testcase classname="com.crm.qa.testlayer.contactspagetest" name="checkbx" time="0.0">
    <ignored/>
  </testcase> <!-- checkbx -->
  <testcase classname="com.crm.qa.testlayer.contactspagetest" name="displaycontactname" time="0.0">
    <ignored/>
  </testcase> <!-- displaycontactname -->
</testsuite> <!-- Default test(failed)(failed) -->
